[0.313s] Invoking command in '/home/parallels/ros2_imu_ws/src/leap_hand_imu': DEBUGINFOD_URLS=https://debuginfod.ubuntu.com PYTHONPATH=/home/parallels/ros2_imu_ws/build/leap_imu/prefix_override:/usr/lib/python3/dist-packages/colcon_core/task/python/colcon_distutils_commands:/home/parallels/ros2_imu_ws/install/leap_imu/lib/python3.12/site-packages:${PYTHONPATH} /usr/bin/python3 -W ignore:setup.py install is deprecated -W ignore:easy_install command is deprecated setup.py egg_info --egg-base ../../build/leap_imu build --build-base /home/parallels/ros2_imu_ws/build/leap_imu/build install --record /home/parallels/ros2_imu_ws/build/leap_imu/install.log --single-version-externally-managed install_data
[0.424s] running egg_info
[0.432s] writing ../../build/leap_imu/leap_imu.egg-info/PKG-INFO
[0.432s] writing dependency_links to ../../build/leap_imu/leap_imu.egg-info/dependency_links.txt
[0.432s] writing entry points to ../../build/leap_imu/leap_imu.egg-info/entry_points.txt
[0.432s] writing requirements to ../../build/leap_imu/leap_imu.egg-info/requires.txt
[0.432s] writing top-level names to ../../build/leap_imu/leap_imu.egg-info/top_level.txt
[0.446s] reading manifest file '../../build/leap_imu/leap_imu.egg-info/SOURCES.txt'
[0.446s] writing manifest file '../../build/leap_imu/leap_imu.egg-info/SOURCES.txt'
[0.446s] running build
[0.446s] running build_py
[0.447s] running install
[0.449s] running install_lib
[0.456s] running install_data
[0.456s] running install_egg_info
[0.465s] removing '/home/parallels/ros2_imu_ws/install/leap_imu/lib/python3.12/site-packages/leap_imu-0.0.0-py3.12.egg-info' (and everything under it)
[0.465s] Copying ../../build/leap_imu/leap_imu.egg-info to /home/parallels/ros2_imu_ws/install/leap_imu/lib/python3.12/site-packages/leap_imu-0.0.0-py3.12.egg-info
[0.465s] running install_scripts
[0.518s] Installing leap_imu script to /home/parallels/ros2_imu_ws/install/leap_imu/lib/leap_imu
[0.518s] writing list of installed files to '/home/parallels/ros2_imu_ws/build/leap_imu/install.log'
[0.533s] Invoked command in '/home/parallels/ros2_imu_ws/src/leap_hand_imu' returned '0': DEBUGINFOD_URLS=https://debuginfod.ubuntu.com PYTHONPATH=/home/parallels/ros2_imu_ws/build/leap_imu/prefix_override:/usr/lib/python3/dist-packages/colcon_core/task/python/colcon_distutils_commands:/home/parallels/ros2_imu_ws/install/leap_imu/lib/python3.12/site-packages:${PYTHONPATH} /usr/bin/python3 -W ignore:setup.py install is deprecated -W ignore:easy_install command is deprecated setup.py egg_info --egg-base ../../build/leap_imu build --build-base /home/parallels/ros2_imu_ws/build/leap_imu/build install --record /home/parallels/ros2_imu_ws/build/leap_imu/install.log --single-version-externally-managed install_data
