running egg_info
creating ../../build/leap_imu/leap_imu.egg-info
writing ../../build/leap_imu/leap_imu.egg-info/PKG-INFO
writing dependency_links to ../../build/leap_imu/leap_imu.egg-info/dependency_links.txt
writing entry points to ../../build/leap_imu/leap_imu.egg-info/entry_points.txt
writing requirements to ../../build/leap_imu/leap_imu.egg-info/requires.txt
writing top-level names to ../../build/leap_imu/leap_imu.egg-info/top_level.txt
writing manifest file '../../build/leap_imu/leap_imu.egg-info/SOURCES.txt'
reading manifest file '../../build/leap_imu/leap_imu.egg-info/SOURCES.txt'
writing manifest file '../../build/leap_imu/leap_imu.egg-info/SOURCES.txt'
running build
running build_py
creating /home/parallels/ros2_imu_ws/build/leap_imu/build
creating /home/parallels/ros2_imu_ws/build/leap_imu/build/lib
creating /home/parallels/ros2_imu_ws/build/leap_imu/build/lib/leap_imu
copying leap_imu/leap_imu.py -> /home/parallels/ros2_imu_ws/build/leap_imu/build/lib/leap_imu
copying leap_imu/__init__.py -> /home/parallels/ros2_imu_ws/build/leap_imu/build/lib/leap_imu
running install
running install_lib
creating /home/parallels/ros2_imu_ws/install/leap_imu/lib/python3.12/site-packages/leap_imu
copying /home/parallels/ros2_imu_ws/build/leap_imu/build/lib/leap_imu/leap_imu.py -> /home/parallels/ros2_imu_ws/install/leap_imu/lib/python3.12/site-packages/leap_imu
copying /home/parallels/ros2_imu_ws/build/leap_imu/build/lib/leap_imu/__init__.py -> /home/parallels/ros2_imu_ws/install/leap_imu/lib/python3.12/site-packages/leap_imu
byte-compiling /home/parallels/ros2_imu_ws/install/leap_imu/lib/python3.12/site-packages/leap_imu/leap_imu.py to leap_imu.cpython-312.pyc
byte-compiling /home/parallels/ros2_imu_ws/install/leap_imu/lib/python3.12/site-packages/leap_imu/__init__.py to __init__.cpython-312.pyc
running install_data
creating /home/parallels/ros2_imu_ws/install/leap_imu/share/ament_index
creating /home/parallels/ros2_imu_ws/install/leap_imu/share/ament_index/resource_index
creating /home/parallels/ros2_imu_ws/install/leap_imu/share/ament_index/resource_index/packages
copying resource/leap_imu -> /home/parallels/ros2_imu_ws/install/leap_imu/share/ament_index/resource_index/packages
copying package.xml -> /home/parallels/ros2_imu_ws/install/leap_imu/share/leap_imu
running install_egg_info
Copying ../../build/leap_imu/leap_imu.egg-info to /home/parallels/ros2_imu_ws/install/leap_imu/lib/python3.12/site-packages/leap_imu-0.0.0-py3.12.egg-info
running install_scripts
Installing leap_imu script to /home/parallels/ros2_imu_ws/install/leap_imu/lib/leap_imu
writing list of installed files to '/home/parallels/ros2_imu_ws/build/leap_imu/install.log'
