[0.305s] Invoking command in '/home/parallels/ros2_imu_ws/src/leap_hand_imu': DEBUGINFOD_URLS=https://debuginfod.ubuntu.com PYTHONPATH=/home/parallels/ros2_imu_ws/build/leap_imu/prefix_override:/usr/lib/python3/dist-packages/colcon_core/task/python/colcon_distutils_commands:/home/parallels/ros2_imu_ws/install/leap_imu/lib/python3.12/site-packages:${PYTHONPATH} /usr/bin/python3 -W ignore:setup.py install is deprecated -W ignore:easy_install command is deprecated setup.py egg_info --egg-base ../../build/leap_imu build --build-base /home/parallels/ros2_imu_ws/build/leap_imu/build install --record /home/parallels/ros2_imu_ws/build/leap_imu/install.log --single-version-externally-managed install_data
[0.403s] running egg_info
[0.409s] writing ../../build/leap_imu/leap_imu.egg-info/PKG-INFO
[0.409s] writing dependency_links to ../../build/leap_imu/leap_imu.egg-info/dependency_links.txt
[0.409s] writing entry points to ../../build/leap_imu/leap_imu.egg-info/entry_points.txt
[0.409s] writing requirements to ../../build/leap_imu/leap_imu.egg-info/requires.txt
[0.409s] writing top-level names to ../../build/leap_imu/leap_imu.egg-info/top_level.txt
[0.423s] reading manifest file '../../build/leap_imu/leap_imu.egg-info/SOURCES.txt'
[0.423s] writing manifest file '../../build/leap_imu/leap_imu.egg-info/SOURCES.txt'
[0.423s] running build
[0.423s] running build_py
[0.423s] copying leap_imu/leap_imu.py -> /home/parallels/ros2_imu_ws/build/leap_imu/build/lib/leap_imu
[0.423s] running install
[0.426s] running install_lib
[0.434s] copying /home/parallels/ros2_imu_ws/build/leap_imu/build/lib/leap_imu/leap_imu.py -> /home/parallels/ros2_imu_ws/install/leap_imu/lib/python3.12/site-packages/leap_imu
[0.434s] byte-compiling /home/parallels/ros2_imu_ws/install/leap_imu/lib/python3.12/site-packages/leap_imu/leap_imu.py to leap_imu.cpython-312.pyc
[0.435s] running install_data
[0.435s] running install_egg_info
[0.442s] removing '/home/parallels/ros2_imu_ws/install/leap_imu/lib/python3.12/site-packages/leap_imu-0.0.0-py3.12.egg-info' (and everything under it)
[0.442s] Copying ../../build/leap_imu/leap_imu.egg-info to /home/parallels/ros2_imu_ws/install/leap_imu/lib/python3.12/site-packages/leap_imu-0.0.0-py3.12.egg-info
[0.442s] running install_scripts
[0.489s] Installing leap_imu script to /home/parallels/ros2_imu_ws/install/leap_imu/lib/leap_imu
[0.489s] writing list of installed files to '/home/parallels/ros2_imu_ws/build/leap_imu/install.log'
[0.501s] Invoked command in '/home/parallels/ros2_imu_ws/src/leap_hand_imu' returned '0': DEBUGINFOD_URLS=https://debuginfod.ubuntu.com PYTHONPATH=/home/parallels/ros2_imu_ws/build/leap_imu/prefix_override:/usr/lib/python3/dist-packages/colcon_core/task/python/colcon_distutils_commands:/home/parallels/ros2_imu_ws/install/leap_imu/lib/python3.12/site-packages:${PYTHONPATH} /usr/bin/python3 -W ignore:setup.py install is deprecated -W ignore:easy_install command is deprecated setup.py egg_info --egg-base ../../build/leap_imu build --build-base /home/parallels/ros2_imu_ws/build/leap_imu/build install --record /home/parallels/ros2_imu_ws/build/leap_imu/install.log --single-version-externally-managed install_data
