running egg_info
writing ../../build/leap_imu/leap_imu.egg-info/PKG-INFO
writing dependency_links to ../../build/leap_imu/leap_imu.egg-info/dependency_links.txt
writing entry points to ../../build/leap_imu/leap_imu.egg-info/entry_points.txt
writing requirements to ../../build/leap_imu/leap_imu.egg-info/requires.txt
writing top-level names to ../../build/leap_imu/leap_imu.egg-info/top_level.txt
reading manifest file '../../build/leap_imu/leap_imu.egg-info/SOURCES.txt'
writing manifest file '../../build/leap_imu/leap_imu.egg-info/SOURCES.txt'
running build
running build_py
copying leap_imu/leap_imu.py -> /home/parallels/ros2_imu_ws/build/leap_imu/build/lib/leap_imu
running install
running install_lib
copying /home/parallels/ros2_imu_ws/build/leap_imu/build/lib/leap_imu/leap_imu.py -> /home/parallels/ros2_imu_ws/install/leap_imu/lib/python3.12/site-packages/leap_imu
byte-compiling /home/parallels/ros2_imu_ws/install/leap_imu/lib/python3.12/site-packages/leap_imu/leap_imu.py to leap_imu.cpython-312.pyc
running install_data
copying msg/IMUData.msg -> /home/parallels/ros2_imu_ws/install/leap_imu/share/leap_imu/msg
running install_egg_info
removing '/home/parallels/ros2_imu_ws/install/leap_imu/lib/python3.12/site-packages/leap_imu-0.0.0-py3.12.egg-info' (and everything under it)
Copying ../../build/leap_imu/leap_imu.egg-info to /home/parallels/ros2_imu_ws/install/leap_imu/lib/python3.12/site-packages/leap_imu-0.0.0-py3.12.egg-info
running install_scripts
Installing leap_imu script to /home/parallels/ros2_imu_ws/install/leap_imu/lib/leap_imu
writing list of installed files to '/home/parallels/ros2_imu_ws/build/leap_imu/install.log'
