[0.428s] Invoking command in '/home/parallels/ros2_imu_ws/src/leap_hand_imu': DEBUGINFOD_URLS=https://debuginfod.ubuntu.com PYTHONPATH=/home/parallels/ros2_imu_ws/build/leap_imu/prefix_override:/usr/lib/python3/dist-packages/colcon_core/task/python/colcon_distutils_commands:/home/parallels/ros2_imu_ws/install/leap_imu/lib/python3.12/site-packages:${PYTHONPATH} /usr/bin/python3 -W ignore:setup.py install is deprecated -W ignore:easy_install command is deprecated setup.py egg_info --egg-base ../../build/leap_imu build --build-base /home/parallels/ros2_imu_ws/build/leap_imu/build install --record /home/parallels/ros2_imu_ws/build/leap_imu/install.log --single-version-externally-managed install_data
[0.526s] running egg_info
[0.534s] writing ../../build/leap_imu/leap_imu.egg-info/PKG-INFO
[0.534s] writing dependency_links to ../../build/leap_imu/leap_imu.egg-info/dependency_links.txt
[0.534s] writing entry points to ../../build/leap_imu/leap_imu.egg-info/entry_points.txt
[0.534s] writing requirements to ../../build/leap_imu/leap_imu.egg-info/requires.txt
[0.534s] writing top-level names to ../../build/leap_imu/leap_imu.egg-info/top_level.txt
[0.548s] reading manifest file '../../build/leap_imu/leap_imu.egg-info/SOURCES.txt'
[0.549s] writing manifest file '../../build/leap_imu/leap_imu.egg-info/SOURCES.txt'
[0.549s] running build
[0.549s] running build_py
[0.549s] running install
[0.552s] running install_lib
[0.559s] running install_data
[0.559s] copying package.xml -> /home/parallels/ros2_imu_ws/install/leap_imu/share/leap_imu
[0.559s] running install_egg_info
[0.567s] removing '/home/parallels/ros2_imu_ws/install/leap_imu/lib/python3.12/site-packages/leap_imu-0.0.0-py3.12.egg-info' (and everything under it)
[0.567s] Copying ../../build/leap_imu/leap_imu.egg-info to /home/parallels/ros2_imu_ws/install/leap_imu/lib/python3.12/site-packages/leap_imu-0.0.0-py3.12.egg-info
[0.567s] running install_scripts
[0.619s] Installing leap_imu script to /home/parallels/ros2_imu_ws/install/leap_imu/lib/leap_imu
[0.620s] writing list of installed files to '/home/parallels/ros2_imu_ws/build/leap_imu/install.log'
[0.635s] Invoked command in '/home/parallels/ros2_imu_ws/src/leap_hand_imu' returned '0': DEBUGINFOD_URLS=https://debuginfod.ubuntu.com PYTHONPATH=/home/parallels/ros2_imu_ws/build/leap_imu/prefix_override:/usr/lib/python3/dist-packages/colcon_core/task/python/colcon_distutils_commands:/home/parallels/ros2_imu_ws/install/leap_imu/lib/python3.12/site-packages:${PYTHONPATH} /usr/bin/python3 -W ignore:setup.py install is deprecated -W ignore:easy_install command is deprecated setup.py egg_info --egg-base ../../build/leap_imu build --build-base /home/parallels/ros2_imu_ws/build/leap_imu/build install --record /home/parallels/ros2_imu_ws/build/leap_imu/install.log --single-version-externally-managed install_data
